<?xml version="1.0" encoding="UTF-8"?>
<!-- Generated by org.testng.reporters.JUnitXMLReporter -->
<testsuite hostname="CPX-MKUS5XEJVZP" ignored="1" name="LogInTest-FF" tests="1" failures="0" timestamp="15 Sep 2020 10:12:16 GMT" time="34.924" errors="0">
  <testcase name="positiveLogInTest" time="15.557" classname="com.dice.LogInTest"/>
  <testcase name="negativeLogInTest" time="0.0" classname="com.dice.LogInTest">
    <ignored/>
  </testcase> <!-- negativeLogInTest -->
</testsuite> <!-- LogInTest-FF -->
