<?xml version="1.0" encoding="UTF-8"?>
<!-- Generated by org.testng.reporters.JUnitXMLReporter -->
<testsuite hostname="CPX-MKUS5XEJVZP" ignored="1" name="LogInTest" tests="2" failures="0" timestamp="14 Sep 2020 14:04:53 GMT" time="26.289" errors="0">
  <testcase name="negativeLogInTest" time="5.833" classname="com.dice.LogInTest"/>
  <testcase name="negativeLogInTest" time="7.222" classname="com.dice.LogInTest"/>
  <testcase name="positiveLogInTest" time="0.0" classname="com.dice.LogInTest">
    <ignored/>
  </testcase> <!-- positiveLogInTest -->
</testsuite> <!-- LogInTest -->
